[2025-12-25 07:15:27] local.ERROR: SQLSTATE[42S02]: Base table or view not found: 1146 Table 'db_stagging.roles' doesn't exist (SQL: select * from `roles` where (`slug` = pelaku_usaha) limit 1) {"exception":"[object] (Illuminate\\Database\\QueryException(code: 42S02): SQLSTATE[42S02]: Base table or view not found: 1146 Table 'db_stagging.roles' doesn't exist (SQL: select * from `roles` where (`slug` = pelaku_usaha) limit 1) at /www/wwwroot/staging.lp3hdoabangsa.com/vendor/laravel/framework/src/Illuminate/Database/Connection.php:712)
[stacktrace]
#0 /www/wwwroot/staging.lp3hdoabangsa.com/vendor/laravel/framework/src/Illuminate/Database/Connection.php(672): Illuminate\\Database\\Connection->runQueryCallback()
#1 /www/wwwroot/staging.lp3hdoabangsa.com/vendor/laravel/framework/src/Illuminate/Database/Connection.php(359): Illuminate\\Database\\Connection->run()
#2 /www/wwwroot/staging.lp3hdoabangsa.com/vendor/laravel/framework/src/Illuminate/Database/Query/Builder.php(2384): Illuminate\\Database\\Connection->select()
#3 /www/wwwroot/staging.lp3hdoabangsa.com/vendor/laravel/framework/src/Illuminate/Database/Query/Builder.php(2373): Illuminate\\Database\\Query\\Builder->runSelect()
#4 /www/wwwroot/staging.lp3hdoabangsa.com/vendor/laravel/framework/src/Illuminate/Database/Query/Builder.php(2907): Illuminate\\Database\\Query\\Builder->Illuminate\\Database\\Query\\{closure}()
#5 /www/wwwroot/staging.lp3hdoabangsa.com/vendor/laravel/framework/src/Illuminate/Database/Query/Builder.php(2372): Illuminate\\Database\\Query\\Builder->onceWithColumns()
#6 /www/wwwroot/staging.lp3hdoabangsa.com/vendor/laravel/framework/src/Illuminate/Database/Eloquent/Builder.php(625): Illuminate\\Database\\Query\\Builder->get()
#7 /www/wwwroot/staging.lp3hdoabangsa.com/vendor/laravel/framework/src/Illuminate/Database/Eloquent/Builder.php(609): Illuminate\\Database\\Eloquent\\Builder->getModels()
#8 /www/wwwroot/staging.lp3hdoabangsa.com/vendor/laravel/framework/src/Illuminate/Database/Concerns/BuildsQueries.php(294): Illuminate\\Database\\Eloquent\\Builder->get()
#9 /www/wwwroot/staging.lp3hdoabangsa.com/vendor/laravel/framework/src/Illuminate/Database/Eloquent/Builder.php(474): Illuminate\\Database\\Eloquent\\Builder->first()
#10 /www/wwwroot/staging.lp3hdoabangsa.com/vendor/laravel/framework/src/Illuminate/Database/Eloquent/Builder.php(508): Illuminate\\Database\\Eloquent\\Builder->firstOrNew()
#11 /www/wwwroot/staging.lp3hdoabangsa.com/vendor/laravel/framework/src/Illuminate/Support/Traits/ForwardsCalls.php(23): Illuminate\\Database\\Eloquent\\Builder->updateOrCreate()
#12 /www/wwwroot/staging.lp3hdoabangsa.com/vendor/laravel/framework/src/Illuminate/Database/Eloquent/Model.php(2132): Illuminate\\Database\\Eloquent\\Model->forwardCallTo()
#13 /www/wwwroot/staging.lp3hdoabangsa.com/vendor/laravel/framework/src/Illuminate/Database/Eloquent/Model.php(2144): Illuminate\\Database\\Eloquent\\Model->__call()
#14 /www/wwwroot/staging.lp3hdoabangsa.com/database/seeders/RoleSeeder.php(51): Illuminate\\Database\\Eloquent\\Model::__callStatic()
#15 /www/wwwroot/staging.lp3hdoabangsa.com/vendor/laravel/framework/src/Illuminate/Container/BoundMethod.php(36): Database\\Seeders\\RoleSeeder->run()
#16 /www/wwwroot/staging.lp3hdoabangsa.com/vendor/laravel/framework/src/Illuminate/Container/Util.php(40): Illuminate\\Container\\BoundMethod::Illuminate\\Container\\{closure}()
#17 /www/wwwroot/staging.lp3hdoabangsa.com/vendor/laravel/framework/src/Illuminate/Container/BoundMethod.php(93): Illuminate\\Container\\Util::unwrapIfClosure()
#18 /www/wwwroot/staging.lp3hdoabangsa.com/vendor/laravel/framework/src/Illuminate/Container/BoundMethod.php(35): Illuminate\\Container\\BoundMethod::callBoundMethod()
#19 /www/wwwroot/staging.lp3hdoabangsa.com/vendor/laravel/framework/src/Illuminate/Container/Container.php(653): Illuminate\\Container\\BoundMethod::call()
#20 /www/wwwroot/staging.lp3hdoabangsa.com/vendor/laravel/framework/src/Illuminate/Database/Seeder.php(149): Illuminate\\Container\\Container->call()
#21 /www/wwwroot/staging.lp3hdoabangsa.com/vendor/laravel/framework/src/Illuminate/Database/Seeder.php(49): Illuminate\\Database\\Seeder->__invoke()
#22 /www/wwwroot/staging.lp3hdoabangsa.com/database/seeders/DatabaseSeeder.php(17): Illuminate\\Database\\Seeder->call()
#23 /www/wwwroot/staging.lp3hdoabangsa.com/vendor/laravel/framework/src/Illuminate/Container/BoundMethod.php(36): Database\\Seeders\\DatabaseSeeder->run()
#24 /www/wwwroot/staging.lp3hdoabangsa.com/vendor/laravel/framework/src/Illuminate/Container/Util.php(40): Illuminate\\Container\\BoundMethod::Illuminate\\Container\\{closure}()
#25 /www/wwwroot/staging.lp3hdoabangsa.com/vendor/laravel/framework/src/Illuminate/Container/BoundMethod.php(93): Illuminate\\Container\\Util::unwrapIfClosure()
#26 /www/wwwroot/staging.lp3hdoabangsa.com/vendor/laravel/framework/src/Illuminate/Container/BoundMethod.php(35): Illuminate\\Container\\BoundMethod::callBoundMethod()
#27 /www/wwwroot/staging.lp3hdoabangsa.com/vendor/laravel/framework/src/Illuminate/Container/Container.php(653): Illuminate\\Container\\BoundMethod::call()
#28 /www/wwwroot/staging.lp3hdoabangsa.com/vendor/laravel/framework/src/Illuminate/Database/Seeder.php(149): Illuminate\\Container\\Container->call()
#29 /www/wwwroot/staging.lp3hdoabangsa.com/vendor/laravel/framework/src/Illuminate/Database/Console/Seeds/SeedCommand.php(66): Illuminate\\Database\\Seeder->__invoke()
#30 /www/wwwroot/staging.lp3hdoabangsa.com/vendor/laravel/framework/src/Illuminate/Database/Eloquent/Concerns/GuardsAttributes.php(157): Illuminate\\Database\\Console\\Seeds\\SeedCommand->Illuminate\\Database\\Console\\Seeds\\{closure}()
#31 /www/wwwroot/staging.lp3hdoabangsa.com/vendor/laravel/framework/src/Illuminate/Database/Console/Seeds/SeedCommand.php(65): Illuminate\\Database\\Eloquent\\Model::unguarded()
#32 /www/wwwroot/staging.lp3hdoabangsa.com/vendor/laravel/framework/src/Illuminate/Container/BoundMethod.php(36): Illuminate\\Database\\Console\\Seeds\\SeedCommand->handle()
#33 /www/wwwroot/staging.lp3hdoabangsa.com/vendor/laravel/framework/src/Illuminate/Container/Util.php(40): Illuminate\\Container\\BoundMethod::Illuminate\\Container\\{closure}()
#34 /www/wwwroot/staging.lp3hdoabangsa.com/vendor/laravel/framework/src/Illuminate/Container/BoundMethod.php(93): Illuminate\\Container\\Util::unwrapIfClosure()
#35 /www/wwwroot/staging.lp3hdoabangsa.com/vendor/laravel/framework/src/Illuminate/Container/BoundMethod.php(35): Illuminate\\Container\\BoundMethod::callBoundMethod()
#36 /www/wwwroot/staging.lp3hdoabangsa.com/vendor/laravel/framework/src/Illuminate/Container/Container.php(653): Illuminate\\Container\\BoundMethod::call()
#37 /www/wwwroot/staging.lp3hdoabangsa.com/vendor/laravel/framework/src/Illuminate/Console/Command.php(136): Illuminate\\Container\\Container->call()
#38 /www/wwwroot/staging.lp3hdoabangsa.com/vendor/symfony/console/Command/Command.php(298): Illuminate\\Console\\Command->execute()
#39 /www/wwwroot/staging.lp3hdoabangsa.com/vendor/laravel/framework/src/Illuminate/Console/Command.php(120): Symfony\\Component\\Console\\Command\\Command->run()
#40 /www/wwwroot/staging.lp3hdoabangsa.com/vendor/symfony/console/Application.php(1040): Illuminate\\Console\\Command->run()
#41 /www/wwwroot/staging.lp3hdoabangsa.com/vendor/symfony/console/Application.php(301): Symfony\\Component\\Console\\Application->doRunCommand()
#42 /www/wwwroot/staging.lp3hdoabangsa.com/vendor/symfony/console/Application.php(171): Symfony\\Component\\Console\\Application->doRun()
#43 /www/wwwroot/staging.lp3hdoabangsa.com/vendor/laravel/framework/src/Illuminate/Console/Application.php(94): Symfony\\Component\\Console\\Application->run()
#44 /www/wwwroot/staging.lp3hdoabangsa.com/vendor/laravel/framework/src/Illuminate/Foundation/Console/Kernel.php(129): Illuminate\\Console\\Application->run()
#45 /www/wwwroot/staging.lp3hdoabangsa.com/artisan(35): Illuminate\\Foundation\\Console\\Kernel->handle()
#46 {main}

[previous exception] [object] (PDOException(code: 42S02): SQLSTATE[42S02]: Base table or view not found: 1146 Table 'db_stagging.roles' doesn't exist at /www/wwwroot/staging.lp3hdoabangsa.com/vendor/laravel/framework/src/Illuminate/Database/Connection.php:368)
[stacktrace]
#0 /www/wwwroot/staging.lp3hdoabangsa.com/vendor/laravel/framework/src/Illuminate/Database/Connection.php(368): PDO->prepare()
#1 /www/wwwroot/staging.lp3hdoabangsa.com/vendor/laravel/framework/src/Illuminate/Database/Connection.php(705): Illuminate\\Database\\Connection->Illuminate\\Database\\{closure}()
#2 /www/wwwroot/staging.lp3hdoabangsa.com/vendor/laravel/framework/src/Illuminate/Database/Connection.php(672): Illuminate\\Database\\Connection->runQueryCallback()
#3 /www/wwwroot/staging.lp3hdoabangsa.com/vendor/laravel/framework/src/Illuminate/Database/Connection.php(359): Illuminate\\Database\\Connection->run()
#4 /www/wwwroot/staging.lp3hdoabangsa.com/vendor/laravel/framework/src/Illuminate/Database/Query/Builder.php(2384): Illuminate\\Database\\Connection->select()
#5 /www/wwwroot/staging.lp3hdoabangsa.com/vendor/laravel/framework/src/Illuminate/Database/Query/Builder.php(2373): Illuminate\\Database\\Query\\Builder->runSelect()
#6 /www/wwwroot/staging.lp3hdoabangsa.com/vendor/laravel/framework/src/Illuminate/Database/Query/Builder.php(2907): Illuminate\\Database\\Query\\Builder->Illuminate\\Database\\Query\\{closure}()
#7 /www/wwwroot/staging.lp3hdoabangsa.com/vendor/laravel/framework/src/Illuminate/Database/Query/Builder.php(2372): Illuminate\\Database\\Query\\Builder->onceWithColumns()
#8 /www/wwwroot/staging.lp3hdoabangsa.com/vendor/laravel/framework/src/Illuminate/Database/Eloquent/Builder.php(625): Illuminate\\Database\\Query\\Builder->get()
#9 /www/wwwroot/staging.lp3hdoabangsa.com/vendor/laravel/framework/src/Illuminate/Database/Eloquent/Builder.php(609): Illuminate\\Database\\Eloquent\\Builder->getModels()
#10 /www/wwwroot/staging.lp3hdoabangsa.com/vendor/laravel/framework/src/Illuminate/Database/Concerns/BuildsQueries.php(294): Illuminate\\Database\\Eloquent\\Builder->get()
#11 /www/wwwroot/staging.lp3hdoabangsa.com/vendor/laravel/framework/src/Illuminate/Database/Eloquent/Builder.php(474): Illuminate\\Database\\Eloquent\\Builder->first()
#12 /www/wwwroot/staging.lp3hdoabangsa.com/vendor/laravel/framework/src/Illuminate/Database/Eloquent/Builder.php(508): Illuminate\\Database\\Eloquent\\Builder->firstOrNew()
#13 /www/wwwroot/staging.lp3hdoabangsa.com/vendor/laravel/framework/src/Illuminate/Support/Traits/ForwardsCalls.php(23): Illuminate\\Database\\Eloquent\\Builder->updateOrCreate()
#14 /www/wwwroot/staging.lp3hdoabangsa.com/vendor/laravel/framework/src/Illuminate/Database/Eloquent/Model.php(2132): Illuminate\\Database\\Eloquent\\Model->forwardCallTo()
#15 /www/wwwroot/staging.lp3hdoabangsa.com/vendor/laravel/framework/src/Illuminate/Database/Eloquent/Model.php(2144): Illuminate\\Database\\Eloquent\\Model->__call()
#16 /www/wwwroot/staging.lp3hdoabangsa.com/database/seeders/RoleSeeder.php(51): Illuminate\\Database\\Eloquent\\Model::__callStatic()
#17 /www/wwwroot/staging.lp3hdoabangsa.com/vendor/laravel/framework/src/Illuminate/Container/BoundMethod.php(36): Database\\Seeders\\RoleSeeder->run()
#18 /www/wwwroot/staging.lp3hdoabangsa.com/vendor/laravel/framework/src/Illuminate/Container/Util.php(40): Illuminate\\Container\\BoundMethod::Illuminate\\Container\\{closure}()
#19 /www/wwwroot/staging.lp3hdoabangsa.com/vendor/laravel/framework/src/Illuminate/Container/BoundMethod.php(93): Illuminate\\Container\\Util::unwrapIfClosure()
#20 /www/wwwroot/staging.lp3hdoabangsa.com/vendor/laravel/framework/src/Illuminate/Container/BoundMethod.php(35): Illuminate\\Container\\BoundMethod::callBoundMethod()
#21 /www/wwwroot/staging.lp3hdoabangsa.com/vendor/laravel/framework/src/Illuminate/Container/Container.php(653): Illuminate\\Container\\BoundMethod::call()
#22 /www/wwwroot/staging.lp3hdoabangsa.com/vendor/laravel/framework/src/Illuminate/Database/Seeder.php(149): Illuminate\\Container\\Container->call()
#23 /www/wwwroot/staging.lp3hdoabangsa.com/vendor/laravel/framework/src/Illuminate/Database/Seeder.php(49): Illuminate\\Database\\Seeder->__invoke()
#24 /www/wwwroot/staging.lp3hdoabangsa.com/database/seeders/DatabaseSeeder.php(17): Illuminate\\Database\\Seeder->call()
#25 /www/wwwroot/staging.lp3hdoabangsa.com/vendor/laravel/framework/src/Illuminate/Container/BoundMethod.php(36): Database\\Seeders\\DatabaseSeeder->run()
#26 /www/wwwroot/staging.lp3hdoabangsa.com/vendor/laravel/framework/src/Illuminate/Container/Util.php(40): Illuminate\\Container\\BoundMethod::Illuminate\\Container\\{closure}()
#27 /www/wwwroot/staging.lp3hdoabangsa.com/vendor/laravel/framework/src/Illuminate/Container/BoundMethod.php(93): Illuminate\\Container\\Util::unwrapIfClosure()
#28 /www/wwwroot/staging.lp3hdoabangsa.com/vendor/laravel/framework/src/Illuminate/Container/BoundMethod.php(35): Illuminate\\Container\\BoundMethod::callBoundMethod()
#29 /www/wwwroot/staging.lp3hdoabangsa.com/vendor/laravel/framework/src/Illuminate/Container/Container.php(653): Illuminate\\Container\\BoundMethod::call()
#30 /www/wwwroot/staging.lp3hdoabangsa.com/vendor/laravel/framework/src/Illuminate/Database/Seeder.php(149): Illuminate\\Container\\Container->call()
#31 /www/wwwroot/staging.lp3hdoabangsa.com/vendor/laravel/framework/src/Illuminate/Database/Console/Seeds/SeedCommand.php(66): Illuminate\\Database\\Seeder->__invoke()
#32 /www/wwwroot/staging.lp3hdoabangsa.com/vendor/laravel/framework/src/Illuminate/Database/Eloquent/Concerns/GuardsAttributes.php(157): Illuminate\\Database\\Console\\Seeds\\SeedCommand->Illuminate\\Database\\Console\\Seeds\\{closure}()
#33 /www/wwwroot/staging.lp3hdoabangsa.com/vendor/laravel/framework/src/Illuminate/Database/Console/Seeds/SeedCommand.php(65): Illuminate\\Database\\Eloquent\\Model::unguarded()
#34 /www/wwwroot/staging.lp3hdoabangsa.com/vendor/laravel/framework/src/Illuminate/Container/BoundMethod.php(36): Illuminate\\Database\\Console\\Seeds\\SeedCommand->handle()
#35 /www/wwwroot/staging.lp3hdoabangsa.com/vendor/laravel/framework/src/Illuminate/Container/Util.php(40): Illuminate\\Container\\BoundMethod::Illuminate\\Container\\{closure}()
#36 /www/wwwroot/staging.lp3hdoabangsa.com/vendor/laravel/framework/src/Illuminate/Container/BoundMethod.php(93): Illuminate\\Container\\Util::unwrapIfClosure()
#37 /www/wwwroot/staging.lp3hdoabangsa.com/vendor/laravel/framework/src/Illuminate/Container/BoundMethod.php(35): Illuminate\\Container\\BoundMethod::callBoundMethod()
#38 /www/wwwroot/staging.lp3hdoabangsa.com/vendor/laravel/framework/src/Illuminate/Container/Container.php(653): Illuminate\\Container\\BoundMethod::call()
#39 /www/wwwroot/staging.lp3hdoabangsa.com/vendor/laravel/framework/src/Illuminate/Console/Command.php(136): Illuminate\\Container\\Container->call()
#40 /www/wwwroot/staging.lp3hdoabangsa.com/vendor/symfony/console/Command/Command.php(298): Illuminate\\Console\\Command->execute()
#41 /www/wwwroot/staging.lp3hdoabangsa.com/vendor/laravel/framework/src/Illuminate/Console/Command.php(120): Symfony\\Component\\Console\\Command\\Command->run()
#42 /www/wwwroot/staging.lp3hdoabangsa.com/vendor/symfony/console/Application.php(1040): Illuminate\\Console\\Command->run()
#43 /www/wwwroot/staging.lp3hdoabangsa.com/vendor/symfony/console/Application.php(301): Symfony\\Component\\Console\\Application->doRunCommand()
#44 /www/wwwroot/staging.lp3hdoabangsa.com/vendor/symfony/console/Application.php(171): Symfony\\Component\\Console\\Application->doRun()
#45 /www/wwwroot/staging.lp3hdoabangsa.com/vendor/laravel/framework/src/Illuminate/Console/Application.php(94): Symfony\\Component\\Console\\Application->run()
#46 /www/wwwroot/staging.lp3hdoabangsa.com/vendor/laravel/framework/src/Illuminate/Foundation/Console/Kernel.php(129): Illuminate\\Console\\Application->run()
#47 /www/wwwroot/staging.lp3hdoabangsa.com/artisan(35): Illuminate\\Foundation\\Console\\Kernel->handle()
#48 {main}
"} 
[2025-12-25 07:15:48] local.ERROR: SQLSTATE[42S22]: Column not found: 1054 Unknown column 'business_types.deleted_at' in 'WHERE' (SQL: select * from `business_types` where `code` = FOOD-IND and `business_types`.`deleted_at` is null limit 1) {"exception":"[object] (Illuminate\\Database\\QueryException(code: 42S22): SQLSTATE[42S22]: Column not found: 1054 Unknown column 'business_types.deleted_at' in 'WHERE' (SQL: select * from `business_types` where `code` = FOOD-IND and `business_types`.`deleted_at` is null limit 1) at /www/wwwroot/staging.lp3hdoabangsa.com/vendor/laravel/framework/src/Illuminate/Database/Connection.php:712)
[stacktrace]
#0 /www/wwwroot/staging.lp3hdoabangsa.com/vendor/laravel/framework/src/Illuminate/Database/Connection.php(672): Illuminate\\Database\\Connection->runQueryCallback()
#1 /www/wwwroot/staging.lp3hdoabangsa.com/vendor/laravel/framework/src/Illuminate/Database/Connection.php(359): Illuminate\\Database\\Connection->run()
#2 /www/wwwroot/staging.lp3hdoabangsa.com/vendor/laravel/framework/src/Illuminate/Database/Query/Builder.php(2384): Illuminate\\Database\\Connection->select()
#3 /www/wwwroot/staging.lp3hdoabangsa.com/vendor/laravel/framework/src/Illuminate/Database/Query/Builder.php(2373): Illuminate\\Database\\Query\\Builder->runSelect()
#4 /www/wwwroot/staging.lp3hdoabangsa.com/vendor/laravel/framework/src/Illuminate/Database/Query/Builder.php(2907): Illuminate\\Database\\Query\\Builder->Illuminate\\Database\\Query\\{closure}()
#5 /www/wwwroot/staging.lp3hdoabangsa.com/vendor/laravel/framework/src/Illuminate/Database/Query/Builder.php(2372): Illuminate\\Database\\Query\\Builder->onceWithColumns()
#6 /www/wwwroot/staging.lp3hdoabangsa.com/vendor/laravel/framework/src/Illuminate/Database/Eloquent/Builder.php(625): Illuminate\\Database\\Query\\Builder->get()
#7 /www/wwwroot/staging.lp3hdoabangsa.com/vendor/laravel/framework/src/Illuminate/Database/Eloquent/Builder.php(609): Illuminate\\Database\\Eloquent\\Builder->getModels()
#8 /www/wwwroot/staging.lp3hdoabangsa.com/vendor/laravel/framework/src/Illuminate/Database/Concerns/BuildsQueries.php(294): Illuminate\\Database\\Eloquent\\Builder->get()
#9 /www/wwwroot/staging.lp3hdoabangsa.com/database/seeders/ProductTypeSeeder.php(19): Illuminate\\Database\\Eloquent\\Builder->first()
#10 /www/wwwroot/staging.lp3hdoabangsa.com/vendor/laravel/framework/src/Illuminate/Container/BoundMethod.php(36): Database\\Seeders\\ProductTypeSeeder->run()
#11 /www/wwwroot/staging.lp3hdoabangsa.com/vendor/laravel/framework/src/Illuminate/Container/Util.php(40): Illuminate\\Container\\BoundMethod::Illuminate\\Container\\{closure}()
#12 /www/wwwroot/staging.lp3hdoabangsa.com/vendor/laravel/framework/src/Illuminate/Container/BoundMethod.php(93): Illuminate\\Container\\Util::unwrapIfClosure()
#13 /www/wwwroot/staging.lp3hdoabangsa.com/vendor/laravel/framework/src/Illuminate/Container/BoundMethod.php(35): Illuminate\\Container\\BoundMethod::callBoundMethod()
#14 /www/wwwroot/staging.lp3hdoabangsa.com/vendor/laravel/framework/src/Illuminate/Container/Container.php(653): Illuminate\\Container\\BoundMethod::call()
#15 /www/wwwroot/staging.lp3hdoabangsa.com/vendor/laravel/framework/src/Illuminate/Database/Seeder.php(149): Illuminate\\Container\\Container->call()
#16 /www/wwwroot/staging.lp3hdoabangsa.com/vendor/laravel/framework/src/Illuminate/Database/Seeder.php(49): Illuminate\\Database\\Seeder->__invoke()
#17 /www/wwwroot/staging.lp3hdoabangsa.com/database/seeders/DatabaseSeeder.php(28): Illuminate\\Database\\Seeder->call()
#18 /www/wwwroot/staging.lp3hdoabangsa.com/vendor/laravel/framework/src/Illuminate/Container/BoundMethod.php(36): Database\\Seeders\\DatabaseSeeder->run()
#19 /www/wwwroot/staging.lp3hdoabangsa.com/vendor/laravel/framework/src/Illuminate/Container/Util.php(40): Illuminate\\Container\\BoundMethod::Illuminate\\Container\\{closure}()
#20 /www/wwwroot/staging.lp3hdoabangsa.com/vendor/laravel/framework/src/Illuminate/Container/BoundMethod.php(93): Illuminate\\Container\\Util::unwrapIfClosure()
#21 /www/wwwroot/staging.lp3hdoabangsa.com/vendor/laravel/framework/src/Illuminate/Container/BoundMethod.php(35): Illuminate\\Container\\BoundMethod::callBoundMethod()
#22 /www/wwwroot/staging.lp3hdoabangsa.com/vendor/laravel/framework/src/Illuminate/Container/Container.php(653): Illuminate\\Container\\BoundMethod::call()
#23 /www/wwwroot/staging.lp3hdoabangsa.com/vendor/laravel/framework/src/Illuminate/Database/Seeder.php(149): Illuminate\\Container\\Container->call()
#24 /www/wwwroot/staging.lp3hdoabangsa.com/vendor/laravel/framework/src/Illuminate/Database/Console/Seeds/SeedCommand.php(66): Illuminate\\Database\\Seeder->__invoke()
#25 /www/wwwroot/staging.lp3hdoabangsa.com/vendor/laravel/framework/src/Illuminate/Database/Eloquent/Concerns/GuardsAttributes.php(157): Illuminate\\Database\\Console\\Seeds\\SeedCommand->Illuminate\\Database\\Console\\Seeds\\{closure}()
#26 /www/wwwroot/staging.lp3hdoabangsa.com/vendor/laravel/framework/src/Illuminate/Database/Console/Seeds/SeedCommand.php(65): Illuminate\\Database\\Eloquent\\Model::unguarded()
#27 /www/wwwroot/staging.lp3hdoabangsa.com/vendor/laravel/framework/src/Illuminate/Container/BoundMethod.php(36): Illuminate\\Database\\Console\\Seeds\\SeedCommand->handle()
#28 /www/wwwroot/staging.lp3hdoabangsa.com/vendor/laravel/framework/src/Illuminate/Container/Util.php(40): Illuminate\\Container\\BoundMethod::Illuminate\\Container\\{closure}()
#29 /www/wwwroot/staging.lp3hdoabangsa.com/vendor/laravel/framework/src/Illuminate/Container/BoundMethod.php(93): Illuminate\\Container\\Util::unwrapIfClosure()
#30 /www/wwwroot/staging.lp3hdoabangsa.com/vendor/laravel/framework/src/Illuminate/Container/BoundMethod.php(35): Illuminate\\Container\\BoundMethod::callBoundMethod()
#31 /www/wwwroot/staging.lp3hdoabangsa.com/vendor/laravel/framework/src/Illuminate/Container/Container.php(653): Illuminate\\Container\\BoundMethod::call()
#32 /www/wwwroot/staging.lp3hdoabangsa.com/vendor/laravel/framework/src/Illuminate/Console/Command.php(136): Illuminate\\Container\\Container->call()
#33 /www/wwwroot/staging.lp3hdoabangsa.com/vendor/symfony/console/Command/Command.php(298): Illuminate\\Console\\Command->execute()
#34 /www/wwwroot/staging.lp3hdoabangsa.com/vendor/laravel/framework/src/Illuminate/Console/Command.php(120): Symfony\\Component\\Console\\Command\\Command->run()
#35 /www/wwwroot/staging.lp3hdoabangsa.com/vendor/symfony/console/Application.php(1040): Illuminate\\Console\\Command->run()
#36 /www/wwwroot/staging.lp3hdoabangsa.com/vendor/symfony/console/Application.php(301): Symfony\\Component\\Console\\Application->doRunCommand()
#37 /www/wwwroot/staging.lp3hdoabangsa.com/vendor/symfony/console/Application.php(171): Symfony\\Component\\Console\\Application->doRun()
#38 /www/wwwroot/staging.lp3hdoabangsa.com/vendor/laravel/framework/src/Illuminate/Console/Application.php(94): Symfony\\Component\\Console\\Application->run()
#39 /www/wwwroot/staging.lp3hdoabangsa.com/vendor/laravel/framework/src/Illuminate/Foundation/Console/Kernel.php(129): Illuminate\\Console\\Application->run()
#40 /www/wwwroot/staging.lp3hdoabangsa.com/artisan(35): Illuminate\\Foundation\\Console\\Kernel->handle()
#41 {main}

[previous exception] [object] (PDOException(code: 42S22): SQLSTATE[42S22]: Column not found: 1054 Unknown column 'business_types.deleted_at' in 'WHERE' at /www/wwwroot/staging.lp3hdoabangsa.com/vendor/laravel/framework/src/Illuminate/Database/Connection.php:368)
[stacktrace]
#0 /www/wwwroot/staging.lp3hdoabangsa.com/vendor/laravel/framework/src/Illuminate/Database/Connection.php(368): PDO->prepare()
#1 /www/wwwroot/staging.lp3hdoabangsa.com/vendor/laravel/framework/src/Illuminate/Database/Connection.php(705): Illuminate\\Database\\Connection->Illuminate\\Database\\{closure}()
#2 /www/wwwroot/staging.lp3hdoabangsa.com/vendor/laravel/framework/src/Illuminate/Database/Connection.php(672): Illuminate\\Database\\Connection->runQueryCallback()
#3 /www/wwwroot/staging.lp3hdoabangsa.com/vendor/laravel/framework/src/Illuminate/Database/Connection.php(359): Illuminate\\Database\\Connection->run()
#4 /www/wwwroot/staging.lp3hdoabangsa.com/vendor/laravel/framework/src/Illuminate/Database/Query/Builder.php(2384): Illuminate\\Database\\Connection->select()
#5 /www/wwwroot/staging.lp3hdoabangsa.com/vendor/laravel/framework/src/Illuminate/Database/Query/Builder.php(2373): Illuminate\\Database\\Query\\Builder->runSelect()
#6 /www/wwwroot/staging.lp3hdoabangsa.com/vendor/laravel/framework/src/Illuminate/Database/Query/Builder.php(2907): Illuminate\\Database\\Query\\Builder->Illuminate\\Database\\Query\\{closure}()
#7 /www/wwwroot/staging.lp3hdoabangsa.com/vendor/laravel/framework/src/Illuminate/Database/Query/Builder.php(2372): Illuminate\\Database\\Query\\Builder->onceWithColumns()
#8 /www/wwwroot/staging.lp3hdoabangsa.com/vendor/laravel/framework/src/Illuminate/Database/Eloquent/Builder.php(625): Illuminate\\Database\\Query\\Builder->get()
#9 /www/wwwroot/staging.lp3hdoabangsa.com/vendor/laravel/framework/src/Illuminate/Database/Eloquent/Builder.php(609): Illuminate\\Database\\Eloquent\\Builder->getModels()
#10 /www/wwwroot/staging.lp3hdoabangsa.com/vendor/laravel/framework/src/Illuminate/Database/Concerns/BuildsQueries.php(294): Illuminate\\Database\\Eloquent\\Builder->get()
#11 /www/wwwroot/staging.lp3hdoabangsa.com/database/seeders/ProductTypeSeeder.php(19): Illuminate\\Database\\Eloquent\\Builder->first()
#12 /www/wwwroot/staging.lp3hdoabangsa.com/vendor/laravel/framework/src/Illuminate/Container/BoundMethod.php(36): Database\\Seeders\\ProductTypeSeeder->run()
#13 /www/wwwroot/staging.lp3hdoabangsa.com/vendor/laravel/framework/src/Illuminate/Container/Util.php(40): Illuminate\\Container\\BoundMethod::Illuminate\\Container\\{closure}()
#14 /www/wwwroot/staging.lp3hdoabangsa.com/vendor/laravel/framework/src/Illuminate/Container/BoundMethod.php(93): Illuminate\\Container\\Util::unwrapIfClosure()
#15 /www/wwwroot/staging.lp3hdoabangsa.com/vendor/laravel/framework/src/Illuminate/Container/BoundMethod.php(35): Illuminate\\Container\\BoundMethod::callBoundMethod()
#16 /www/wwwroot/staging.lp3hdoabangsa.com/vendor/laravel/framework/src/Illuminate/Container/Container.php(653): Illuminate\\Container\\BoundMethod::call()
#17 /www/wwwroot/staging.lp3hdoabangsa.com/vendor/laravel/framework/src/Illuminate/Database/Seeder.php(149): Illuminate\\Container\\Container->call()
#18 /www/wwwroot/staging.lp3hdoabangsa.com/vendor/laravel/framework/src/Illuminate/Database/Seeder.php(49): Illuminate\\Database\\Seeder->__invoke()
#19 /www/wwwroot/staging.lp3hdoabangsa.com/database/seeders/DatabaseSeeder.php(28): Illuminate\\Database\\Seeder->call()
#20 /www/wwwroot/staging.lp3hdoabangsa.com/vendor/laravel/framework/src/Illuminate/Container/BoundMethod.php(36): Database\\Seeders\\DatabaseSeeder->run()
#21 /www/wwwroot/staging.lp3hdoabangsa.com/vendor/laravel/framework/src/Illuminate/Container/Util.php(40): Illuminate\\Container\\BoundMethod::Illuminate\\Container\\{closure}()
#22 /www/wwwroot/staging.lp3hdoabangsa.com/vendor/laravel/framework/src/Illuminate/Container/BoundMethod.php(93): Illuminate\\Container\\Util::unwrapIfClosure()
#23 /www/wwwroot/staging.lp3hdoabangsa.com/vendor/laravel/framework/src/Illuminate/Container/BoundMethod.php(35): Illuminate\\Container\\BoundMethod::callBoundMethod()
#24 /www/wwwroot/staging.lp3hdoabangsa.com/vendor/laravel/framework/src/Illuminate/Container/Container.php(653): Illuminate\\Container\\BoundMethod::call()
#25 /www/wwwroot/staging.lp3hdoabangsa.com/vendor/laravel/framework/src/Illuminate/Database/Seeder.php(149): Illuminate\\Container\\Container->call()
#26 /www/wwwroot/staging.lp3hdoabangsa.com/vendor/laravel/framework/src/Illuminate/Database/Console/Seeds/SeedCommand.php(66): Illuminate\\Database\\Seeder->__invoke()
#27 /www/wwwroot/staging.lp3hdoabangsa.com/vendor/laravel/framework/src/Illuminate/Database/Eloquent/Concerns/GuardsAttributes.php(157): Illuminate\\Database\\Console\\Seeds\\SeedCommand->Illuminate\\Database\\Console\\Seeds\\{closure}()
#28 /www/wwwroot/staging.lp3hdoabangsa.com/vendor/laravel/framework/src/Illuminate/Database/Console/Seeds/SeedCommand.php(65): Illuminate\\Database\\Eloquent\\Model::unguarded()
#29 /www/wwwroot/staging.lp3hdoabangsa.com/vendor/laravel/framework/src/Illuminate/Container/BoundMethod.php(36): Illuminate\\Database\\Console\\Seeds\\SeedCommand->handle()
#30 /www/wwwroot/staging.lp3hdoabangsa.com/vendor/laravel/framework/src/Illuminate/Container/Util.php(40): Illuminate\\Container\\BoundMethod::Illuminate\\Container\\{closure}()
#31 /www/wwwroot/staging.lp3hdoabangsa.com/vendor/laravel/framework/src/Illuminate/Container/BoundMethod.php(93): Illuminate\\Container\\Util::unwrapIfClosure()
#32 /www/wwwroot/staging.lp3hdoabangsa.com/vendor/laravel/framework/src/Illuminate/Container/BoundMethod.php(35): Illuminate\\Container\\BoundMethod::callBoundMethod()
#33 /www/wwwroot/staging.lp3hdoabangsa.com/vendor/laravel/framework/src/Illuminate/Container/Container.php(653): Illuminate\\Container\\BoundMethod::call()
#34 /www/wwwroot/staging.lp3hdoabangsa.com/vendor/laravel/framework/src/Illuminate/Console/Command.php(136): Illuminate\\Container\\Container->call()
#35 /www/wwwroot/staging.lp3hdoabangsa.com/vendor/symfony/console/Command/Command.php(298): Illuminate\\Console\\Command->execute()
#36 /www/wwwroot/staging.lp3hdoabangsa.com/vendor/laravel/framework/src/Illuminate/Console/Command.php(120): Symfony\\Component\\Console\\Command\\Command->run()
#37 /www/wwwroot/staging.lp3hdoabangsa.com/vendor/symfony/console/Application.php(1040): Illuminate\\Console\\Command->run()
#38 /www/wwwroot/staging.lp3hdoabangsa.com/vendor/symfony/console/Application.php(301): Symfony\\Component\\Console\\Application->doRunCommand()
#39 /www/wwwroot/staging.lp3hdoabangsa.com/vendor/symfony/console/Application.php(171): Symfony\\Component\\Console\\Application->doRun()
#40 /www/wwwroot/staging.lp3hdoabangsa.com/vendor/laravel/framework/src/Illuminate/Console/Application.php(94): Symfony\\Component\\Console\\Application->run()
#41 /www/wwwroot/staging.lp3hdoabangsa.com/vendor/laravel/framework/src/Illuminate/Foundation/Console/Kernel.php(129): Illuminate\\Console\\Application->run()
#42 /www/wwwroot/staging.lp3hdoabangsa.com/artisan(35): Illuminate\\Foundation\\Console\\Kernel->handle()
#43 {main}
"} 
[2025-12-25 07:16:38] local.ERROR: SQLSTATE[42S22]: Column not found: 1054 Unknown column 'products.deleted_at' in 'WHERE' (SQL: select count(*) as aggregate from `products` where `products`.`deleted_at` is null) {"userId":1,"exception":"[object] (Illuminate\\Database\\QueryException(code: 42S22): SQLSTATE[42S22]: Column not found: 1054 Unknown column 'products.deleted_at' in 'WHERE' (SQL: select count(*) as aggregate from `products` where `products`.`deleted_at` is null) at /www/wwwroot/staging.lp3hdoabangsa.com/vendor/laravel/framework/src/Illuminate/Database/Connection.php:712)
[stacktrace]
#0 /www/wwwroot/staging.lp3hdoabangsa.com/vendor/laravel/framework/src/Illuminate/Database/Connection.php(672): Illuminate\\Database\\Connection->runQueryCallback()
#1 /www/wwwroot/staging.lp3hdoabangsa.com/vendor/laravel/framework/src/Illuminate/Database/Connection.php(359): Illuminate\\Database\\Connection->run()
#2 /www/wwwroot/staging.lp3hdoabangsa.com/vendor/laravel/framework/src/Illuminate/Database/Query/Builder.php(2384): Illuminate\\Database\\Connection->select()
#3 /www/wwwroot/staging.lp3hdoabangsa.com/vendor/laravel/framework/src/Illuminate/Database/Query/Builder.php(2373): Illuminate\\Database\\Query\\Builder->runSelect()
#4 /www/wwwroot/staging.lp3hdoabangsa.com/vendor/laravel/framework/src/Illuminate/Database/Query/Builder.php(2907): Illuminate\\Database\\Query\\Builder->Illuminate\\Database\\Query\\{closure}()
#5 /www/wwwroot/staging.lp3hdoabangsa.com/vendor/laravel/framework/src/Illuminate/Database/Query/Builder.php(2372): Illuminate\\Database\\Query\\Builder->onceWithColumns()
#6 /www/wwwroot/staging.lp3hdoabangsa.com/vendor/laravel/framework/src/Illuminate/Database/Query/Builder.php(2834): Illuminate\\Database\\Query\\Builder->get()
#7 /www/wwwroot/staging.lp3hdoabangsa.com/vendor/laravel/framework/src/Illuminate/Database/Query/Builder.php(2762): Illuminate\\Database\\Query\\Builder->aggregate()
#8 /www/wwwroot/staging.lp3hdoabangsa.com/vendor/laravel/framework/src/Illuminate/Database/Eloquent/Builder.php(1657): Illuminate\\Database\\Query\\Builder->count()
#9 /www/wwwroot/staging.lp3hdoabangsa.com/vendor/laravel/framework/src/Illuminate/Support/Traits/ForwardsCalls.php(23): Illuminate\\Database\\Eloquent\\Builder->__call()
#10 /www/wwwroot/staging.lp3hdoabangsa.com/vendor/laravel/framework/src/Illuminate/Database/Eloquent/Model.php(2132): Illuminate\\Database\\Eloquent\\Model->forwardCallTo()
#11 /www/wwwroot/staging.lp3hdoabangsa.com/vendor/laravel/framework/src/Illuminate/Database/Eloquent/Model.php(2144): Illuminate\\Database\\Eloquent\\Model->__call()
#12 /www/wwwroot/staging.lp3hdoabangsa.com/app/Http/Controllers/Admin/DashboardController.php(27): Illuminate\\Database\\Eloquent\\Model::__callStatic()
#13 /www/wwwroot/staging.lp3hdoabangsa.com/vendor/laravel/framework/src/Illuminate/Routing/Controller.php(54): App\\Http\\Controllers\\Admin\\DashboardController->index()
#14 /www/wwwroot/staging.lp3hdoabangsa.com/vendor/laravel/framework/src/Illuminate/Routing/ControllerDispatcher.php(45): Illuminate\\Routing\\Controller->callAction()
#15 /www/wwwroot/staging.lp3hdoabangsa.com/vendor/laravel/framework/src/Illuminate/Routing/Route.php(261): Illuminate\\Routing\\ControllerDispatcher->dispatch()
#16 /www/wwwroot/staging.lp3hdoabangsa.com/vendor/laravel/framework/src/Illuminate/Routing/Route.php(205): Illuminate\\Routing\\Route->runController()
#17 /www/wwwroot/staging.lp3hdoabangsa.com/vendor/laravel/framework/src/Illuminate/Routing/Router.php(721): Illuminate\\Routing\\Route->run()
#18 /www/wwwroot/staging.lp3hdoabangsa.com/vendor/laravel/framework/src/Illuminate/Pipeline/Pipeline.php(128): Illuminate\\Routing\\Router->Illuminate\\Routing\\{closure}()
#19 /www/wwwroot/staging.lp3hdoabangsa.com/app/Http/Middleware/CheckRole.php(32): Illuminate\\Pipeline\\Pipeline->Illuminate\\Pipeline\\{closure}()
#20 /www/wwwroot/staging.lp3hdoabangsa.com/vendor/laravel/framework/src/Illuminate/Pipeline/Pipeline.php(167): App\\Http\\Middleware\\CheckRole->handle()
#21 /www/wwwroot/staging.lp3hdoabangsa.com/vendor/laravel/framework/src/Illuminate/Routing/Middleware/SubstituteBindings.php(50): Illuminate\\Pipeline\\Pipeline->Illuminate\\Pipeline\\{closure}()
#22 /www/wwwroot/staging.lp3hdoabangsa.com/vendor/laravel/framework/src/Illuminate/Pipeline/Pipeline.php(167): Illuminate\\Routing\\Middleware\\SubstituteBindings->handle()
#23 /www/wwwroot/staging.lp3hdoabangsa.com/vendor/laravel/framework/src/Illuminate/Auth/Middleware/Authenticate.php(44): Illuminate\\Pipeline\\Pipeline->Illuminate\\Pipeline\\{closure}()
#24 /www/wwwroot/staging.lp3hdoabangsa.com/vendor/laravel/framework/src/Illuminate/Pipeline/Pipeline.php(167): Illuminate\\Auth\\Middleware\\Authenticate->handle()
#25 /www/wwwroot/staging.lp3hdoabangsa.com/vendor/laravel/framework/src/Illuminate/Foundation/Http/Middleware/VerifyCsrfToken.php(78): Illuminate\\Pipeline\\Pipeline->Illuminate\\Pipeline\\{closure}()
#26 /www/wwwroot/staging.lp3hdoabangsa.com/vendor/laravel/framework/src/Illuminate/Pipeline/Pipeline.php(167): Illuminate\\Foundation\\Http\\Middleware\\VerifyCsrfToken->handle()
#27 /www/wwwroot/staging.lp3hdoabangsa.com/vendor/laravel/framework/src/Illuminate/View/Middleware/ShareErrorsFromSession.php(49): Illuminate\\Pipeline\\Pipeline->Illuminate\\Pipeline\\{closure}()
#28 /www/wwwroot/staging.lp3hdoabangsa.com/vendor/laravel/framework/src/Illuminate/Pipeline/Pipeline.php(167): Illuminate\\View\\Middleware\\ShareErrorsFromSession->handle()
#29 /www/wwwroot/staging.lp3hdoabangsa.com/vendor/laravel/framework/src/Illuminate/Session/Middleware/StartSession.php(121): Illuminate\\Pipeline\\Pipeline->Illuminate\\Pipeline\\{closure}()
#30 /www/wwwroot/staging.lp3hdoabangsa.com/vendor/laravel/framework/src/Illuminate/Session/Middleware/StartSession.php(64): Illuminate\\Session\\Middleware\\StartSession->handleStatefulRequest()
#31 /www/wwwroot/staging.lp3hdoabangsa.com/vendor/laravel/framework/src/Illuminate/Pipeline/Pipeline.php(167): Illuminate\\Session\\Middleware\\StartSession->handle()
#32 /www/wwwroot/staging.lp3hdoabangsa.com/vendor/laravel/framework/src/Illuminate/Cookie/Middleware/AddQueuedCookiesToResponse.php(37): Illuminate\\Pipeline\\Pipeline->Illuminate\\Pipeline\\{closure}()
#33 /www/wwwroot/staging.lp3hdoabangsa.com/vendor/laravel/framework/src/Illuminate/Pipeline/Pipeline.php(167): Illuminate\\Cookie\\Middleware\\AddQueuedCookiesToResponse->handle()
#34 /www/wwwroot/staging.lp3hdoabangsa.com/vendor/laravel/framework/src/Illuminate/Cookie/Middleware/EncryptCookies.php(67): Illuminate\\Pipeline\\Pipeline->Illuminate\\Pipeline\\{closure}()
#35 /www/wwwroot/staging.lp3hdoabangsa.com/vendor/laravel/framework/src/Illuminate/Pipeline/Pipeline.php(167): Illuminate\\Cookie\\Middleware\\EncryptCookies->handle()
#36 /www/wwwroot/staging.lp3hdoabangsa.com/vendor/laravel/framework/src/Illuminate/Pipeline/Pipeline.php(103): Illuminate\\Pipeline\\Pipeline->Illuminate\\Pipeline\\{closure}()
#37 /www/wwwroot/staging.lp3hdoabangsa.com/vendor/laravel/framework/src/Illuminate/Routing/Router.php(719): Illuminate\\Pipeline\\Pipeline->then()
#38 /www/wwwroot/staging.lp3hdoabangsa.com/vendor/laravel/framework/src/Illuminate/Routing/Router.php(698): Illuminate\\Routing\\Router->runRouteWithinStack()
#39 /www/wwwroot/staging.lp3hdoabangsa.com/vendor/laravel/framework/src/Illuminate/Routing/Router.php(662): Illuminate\\Routing\\Router->runRoute()
#40 /www/wwwroot/staging.lp3hdoabangsa.com/vendor/laravel/framework/src/Illuminate/Routing/Router.php(651): Illuminate\\Routing\\Router->dispatchToRoute()
#41 /www/wwwroot/staging.lp3hdoabangsa.com/vendor/laravel/framework/src/Illuminate/Foundation/Http/Kernel.php(167): Illuminate\\Routing\\Router->dispatch()
#42 /www/wwwroot/staging.lp3hdoabangsa.com/vendor/laravel/framework/src/Illuminate/Pipeline/Pipeline.php(128): Illuminate\\Foundation\\Http\\Kernel->Illuminate\\Foundation\\Http\\{closure}()
#43 /www/wwwroot/staging.lp3hdoabangsa.com/vendor/laravel/framework/src/Illuminate/Foundation/Http/Middleware/TransformsRequest.php(21): Illuminate\\Pipeline\\Pipeline->Illuminate\\Pipeline\\{closure}()
#44 /www/wwwroot/staging.lp3hdoabangsa.com/vendor/laravel/framework/src/Illuminate/Foundation/Http/Middleware/ConvertEmptyStringsToNull.php(31): Illuminate\\Foundation\\Http\\Middleware\\TransformsRequest->handle()
#45 /www/wwwroot/staging.lp3hdoabangsa.com/vendor/laravel/framework/src/Illuminate/Pipeline/Pipeline.php(167): Illuminate\\Foundation\\Http\\Middleware\\ConvertEmptyStringsToNull->handle()
#46 /www/wwwroot/staging.lp3hdoabangsa.com/vendor/laravel/framework/src/Illuminate/Foundation/Http/Middleware/TransformsRequest.php(21): Illuminate\\Pipeline\\Pipeline->Illuminate\\Pipeline\\{closure}()
#47 /www/wwwroot/staging.lp3hdoabangsa.com/vendor/laravel/framework/src/Illuminate/Foundation/Http/Middleware/TrimStrings.php(40): Illuminate\\Foundation\\Http\\Middleware\\TransformsRequest->handle()
#48 /www/wwwroot/staging.lp3hdoabangsa.com/vendor/laravel/framework/src/Illuminate/Pipeline/Pipeline.php(167): Illuminate\\Foundation\\Http\\Middleware\\TrimStrings->handle()
#49 /www/wwwroot/staging.lp3hdoabangsa.com/vendor/laravel/framework/src/Illuminate/Foundation/Http/Middleware/ValidatePostSize.php(27): Illuminate\\Pipeline\\Pipeline->Illuminate\\Pipeline\\{closure}()
#50 /www/wwwroot/staging.lp3hdoabangsa.com/vendor/laravel/framework/src/Illuminate/Pipeline/Pipeline.php(167): Illuminate\\Foundation\\Http\\Middleware\\ValidatePostSize->handle()
#51 /www/wwwroot/staging.lp3hdoabangsa.com/vendor/laravel/framework/src/Illuminate/Foundation/Http/Middleware/PreventRequestsDuringMaintenance.php(86): Illuminate\\Pipeline\\Pipeline->Illuminate\\Pipeline\\{closure}()
#52 /www/wwwroot/staging.lp3hdoabangsa.com/vendor/laravel/framework/src/Illuminate/Pipeline/Pipeline.php(167): Illuminate\\Foundation\\Http\\Middleware\\PreventRequestsDuringMaintenance->handle()
#53 /www/wwwroot/staging.lp3hdoabangsa.com/vendor/fruitcake/laravel-cors/src/HandleCors.php(38): Illuminate\\Pipeline\\Pipeline->Illuminate\\Pipeline\\{closure}()
#54 /www/wwwroot/staging.lp3hdoabangsa.com/vendor/laravel/framework/src/Illuminate/Pipeline/Pipeline.php(167): Fruitcake\\Cors\\HandleCors->handle()
#55 /www/wwwroot/staging.lp3hdoabangsa.com/vendor/laravel/framework/src/Illuminate/Http/Middleware/TrustProxies.php(39): Illuminate\\Pipeline\\Pipeline->Illuminate\\Pipeline\\{closure}()
#56 /www/wwwroot/staging.lp3hdoabangsa.com/vendor/laravel/framework/src/Illuminate/Pipeline/Pipeline.php(167): Illuminate\\Http\\Middleware\\TrustProxies->handle()
#57 /www/wwwroot/staging.lp3hdoabangsa.com/vendor/laravel/framework/src/Illuminate/Pipeline/Pipeline.php(103): Illuminate\\Pipeline\\Pipeline->Illuminate\\Pipeline\\{closure}()
#58 /www/wwwroot/staging.lp3hdoabangsa.com/vendor/laravel/framework/src/Illuminate/Foundation/Http/Kernel.php(142): Illuminate\\Pipeline\\Pipeline->then()
#59 /www/wwwroot/staging.lp3hdoabangsa.com/vendor/laravel/framework/src/Illuminate/Foundation/Http/Kernel.php(111): Illuminate\\Foundation\\Http\\Kernel->sendRequestThroughRouter()
#60 /www/wwwroot/staging.lp3hdoabangsa.com/public/index.php(51): Illuminate\\Foundation\\Http\\Kernel->handle()
#61 {main}

[previous exception] [object] (PDOException(code: 42S22): SQLSTATE[42S22]: Column not found: 1054 Unknown column 'products.deleted_at' in 'WHERE' at /www/wwwroot/staging.lp3hdoabangsa.com/vendor/laravel/framework/src/Illuminate/Database/Connection.php:368)
[stacktrace]
#0 /www/wwwroot/staging.lp3hdoabangsa.com/vendor/laravel/framework/src/Illuminate/Database/Connection.php(368): PDO->prepare()
#1 /www/wwwroot/staging.lp3hdoabangsa.com/vendor/laravel/framework/src/Illuminate/Database/Connection.php(705): Illuminate\\Database\\Connection->Illuminate\\Database\\{closure}()
#2 /www/wwwroot/staging.lp3hdoabangsa.com/vendor/laravel/framework/src/Illuminate/Database/Connection.php(672): Illuminate\\Database\\Connection->runQueryCallback()
#3 /www/wwwroot/staging.lp3hdoabangsa.com/vendor/laravel/framework/src/Illuminate/Database/Connection.php(359): Illuminate\\Database\\Connection->run()
#4 /www/wwwroot/staging.lp3hdoabangsa.com/vendor/laravel/framework/src/Illuminate/Database/Query/Builder.php(2384): Illuminate\\Database\\Connection->select()
#5 /www/wwwroot/staging.lp3hdoabangsa.com/vendor/laravel/framework/src/Illuminate/Database/Query/Builder.php(2373): Illuminate\\Database\\Query\\Builder->runSelect()
#6 /www/wwwroot/staging.lp3hdoabangsa.com/vendor/laravel/framework/src/Illuminate/Database/Query/Builder.php(2907): Illuminate\\Database\\Query\\Builder->Illuminate\\Database\\Query\\{closure}()
#7 /www/wwwroot/staging.lp3hdoabangsa.com/vendor/laravel/framework/src/Illuminate/Database/Query/Builder.php(2372): Illuminate\\Database\\Query\\Builder->onceWithColumns()
#8 /www/wwwroot/staging.lp3hdoabangsa.com/vendor/laravel/framework/src/Illuminate/Database/Query/Builder.php(2834): Illuminate\\Database\\Query\\Builder->get()
#9 /www/wwwroot/staging.lp3hdoabangsa.com/vendor/laravel/framework/src/Illuminate/Database/Query/Builder.php(2762): Illuminate\\Database\\Query\\Builder->aggregate()
#10 /www/wwwroot/staging.lp3hdoabangsa.com/vendor/laravel/framework/src/Illuminate/Database/Eloquent/Builder.php(1657): Illuminate\\Database\\Query\\Builder->count()
#11 /www/wwwroot/staging.lp3hdoabangsa.com/vendor/laravel/framework/src/Illuminate/Support/Traits/ForwardsCalls.php(23): Illuminate\\Database\\Eloquent\\Builder->__call()
#12 /www/wwwroot/staging.lp3hdoabangsa.com/vendor/laravel/framework/src/Illuminate/Database/Eloquent/Model.php(2132): Illuminate\\Database\\Eloquent\\Model->forwardCallTo()
#13 /www/wwwroot/staging.lp3hdoabangsa.com/vendor/laravel/framework/src/Illuminate/Database/Eloquent/Model.php(2144): Illuminate\\Database\\Eloquent\\Model->__call()
#14 /www/wwwroot/staging.lp3hdoabangsa.com/app/Http/Controllers/Admin/DashboardController.php(27): Illuminate\\Database\\Eloquent\\Model::__callStatic()
#15 /www/wwwroot/staging.lp3hdoabangsa.com/vendor/laravel/framework/src/Illuminate/Routing/Controller.php(54): App\\Http\\Controllers\\Admin\\DashboardController->index()
#16 /www/wwwroot/staging.lp3hdoabangsa.com/vendor/laravel/framework/src/Illuminate/Routing/ControllerDispatcher.php(45): Illuminate\\Routing\\Controller->callAction()
#17 /www/wwwroot/staging.lp3hdoabangsa.com/vendor/laravel/framework/src/Illuminate/Routing/Route.php(261): Illuminate\\Routing\\ControllerDispatcher->dispatch()
#18 /www/wwwroot/staging.lp3hdoabangsa.com/vendor/laravel/framework/src/Illuminate/Routing/Route.php(205): Illuminate\\Routing\\Route->runController()
#19 /www/wwwroot/staging.lp3hdoabangsa.com/vendor/laravel/framework/src/Illuminate/Routing/Router.php(721): Illuminate\\Routing\\Route->run()
#20 /www/wwwroot/staging.lp3hdoabangsa.com/vendor/laravel/framework/src/Illuminate/Pipeline/Pipeline.php(128): Illuminate\\Routing\\Router->Illuminate\\Routing\\{closure}()
#21 /www/wwwroot/staging.lp3hdoabangsa.com/app/Http/Middleware/CheckRole.php(32): Illuminate\\Pipeline\\Pipeline->Illuminate\\Pipeline\\{closure}()
#22 /www/wwwroot/staging.lp3hdoabangsa.com/vendor/laravel/framework/src/Illuminate/Pipeline/Pipeline.php(167): App\\Http\\Middleware\\CheckRole->handle()
#23 /www/wwwroot/staging.lp3hdoabangsa.com/vendor/laravel/framework/src/Illuminate/Routing/Middleware/SubstituteBindings.php(50): Illuminate\\Pipeline\\Pipeline->Illuminate\\Pipeline\\{closure}()
#24 /www/wwwroot/staging.lp3hdoabangsa.com/vendor/laravel/framework/src/Illuminate/Pipeline/Pipeline.php(167): Illuminate\\Routing\\Middleware\\SubstituteBindings->handle()
#25 /www/wwwroot/staging.lp3hdoabangsa.com/vendor/laravel/framework/src/Illuminate/Auth/Middleware/Authenticate.php(44): Illuminate\\Pipeline\\Pipeline->Illuminate\\Pipeline\\{closure}()
#26 /www/wwwroot/staging.lp3hdoabangsa.com/vendor/laravel/framework/src/Illuminate/Pipeline/Pipeline.php(167): Illuminate\\Auth\\Middleware\\Authenticate->handle()
#27 /www/wwwroot/staging.lp3hdoabangsa.com/vendor/laravel/framework/src/Illuminate/Foundation/Http/Middleware/VerifyCsrfToken.php(78): Illuminate\\Pipeline\\Pipeline->Illuminate\\Pipeline\\{closure}()
#28 /www/wwwroot/staging.lp3hdoabangsa.com/vendor/laravel/framework/src/Illuminate/Pipeline/Pipeline.php(167): Illuminate\\Foundation\\Http\\Middleware\\VerifyCsrfToken->handle()
#29 /www/wwwroot/staging.lp3hdoabangsa.com/vendor/laravel/framework/src/Illuminate/View/Middleware/ShareErrorsFromSession.php(49): Illuminate\\Pipeline\\Pipeline->Illuminate\\Pipeline\\{closure}()
#30 /www/wwwroot/staging.lp3hdoabangsa.com/vendor/laravel/framework/src/Illuminate/Pipeline/Pipeline.php(167): Illuminate\\View\\Middleware\\ShareErrorsFromSession->handle()
#31 /www/wwwroot/staging.lp3hdoabangsa.com/vendor/laravel/framework/src/Illuminate/Session/Middleware/StartSession.php(121): Illuminate\\Pipeline\\Pipeline->Illuminate\\Pipeline\\{closure}()
#32 /www/wwwroot/staging.lp3hdoabangsa.com/vendor/laravel/framework/src/Illuminate/Session/Middleware/StartSession.php(64): Illuminate\\Session\\Middleware\\StartSession->handleStatefulRequest()
#33 /www/wwwroot/staging.lp3hdoabangsa.com/vendor/laravel/framework/src/Illuminate/Pipeline/Pipeline.php(167): Illuminate\\Session\\Middleware\\StartSession->handle()
#34 /www/wwwroot/staging.lp3hdoabangsa.com/vendor/laravel/framework/src/Illuminate/Cookie/Middleware/AddQueuedCookiesToResponse.php(37): Illuminate\\Pipeline\\Pipeline->Illuminate\\Pipeline\\{closure}()
#35 /www/wwwroot/staging.lp3hdoabangsa.com/vendor/laravel/framework/src/Illuminate/Pipeline/Pipeline.php(167): Illuminate\\Cookie\\Middleware\\AddQueuedCookiesToResponse->handle()
#36 /www/wwwroot/staging.lp3hdoabangsa.com/vendor/laravel/framework/src/Illuminate/Cookie/Middleware/EncryptCookies.php(67): Illuminate\\Pipeline\\Pipeline->Illuminate\\Pipeline\\{closure}()
#37 /www/wwwroot/staging.lp3hdoabangsa.com/vendor/laravel/framework/src/Illuminate/Pipeline/Pipeline.php(167): Illuminate\\Cookie\\Middleware\\EncryptCookies->handle()
#38 /www/wwwroot/staging.lp3hdoabangsa.com/vendor/laravel/framework/src/Illuminate/Pipeline/Pipeline.php(103): Illuminate\\Pipeline\\Pipeline->Illuminate\\Pipeline\\{closure}()
#39 /www/wwwroot/staging.lp3hdoabangsa.com/vendor/laravel/framework/src/Illuminate/Routing/Router.php(719): Illuminate\\Pipeline\\Pipeline->then()
#40 /www/wwwroot/staging.lp3hdoabangsa.com/vendor/laravel/framework/src/Illuminate/Routing/Router.php(698): Illuminate\\Routing\\Router->runRouteWithinStack()
#41 /www/wwwroot/staging.lp3hdoabangsa.com/vendor/laravel/framework/src/Illuminate/Routing/Router.php(662): Illuminate\\Routing\\Router->runRoute()
#42 /www/wwwroot/staging.lp3hdoabangsa.com/vendor/laravel/framework/src/Illuminate/Routing/Router.php(651): Illuminate\\Routing\\Router->dispatchToRoute()
#43 /www/wwwroot/staging.lp3hdoabangsa.com/vendor/laravel/framework/src/Illuminate/Foundation/Http/Kernel.php(167): Illuminate\\Routing\\Router->dispatch()
#44 /www/wwwroot/staging.lp3hdoabangsa.com/vendor/laravel/framework/src/Illuminate/Pipeline/Pipeline.php(128): Illuminate\\Foundation\\Http\\Kernel->Illuminate\\Foundation\\Http\\{closure}()
#45 /www/wwwroot/staging.lp3hdoabangsa.com/vendor/laravel/framework/src/Illuminate/Foundation/Http/Middleware/TransformsRequest.php(21): Illuminate\\Pipeline\\Pipeline->Illuminate\\Pipeline\\{closure}()
#46 /www/wwwroot/staging.lp3hdoabangsa.com/vendor/laravel/framework/src/Illuminate/Foundation/Http/Middleware/ConvertEmptyStringsToNull.php(31): Illuminate\\Foundation\\Http\\Middleware\\TransformsRequest->handle()
#47 /www/wwwroot/staging.lp3hdoabangsa.com/vendor/laravel/framework/src/Illuminate/Pipeline/Pipeline.php(167): Illuminate\\Foundation\\Http\\Middleware\\ConvertEmptyStringsToNull->handle()
#48 /www/wwwroot/staging.lp3hdoabangsa.com/vendor/laravel/framework/src/Illuminate/Foundation/Http/Middleware/TransformsRequest.php(21): Illuminate\\Pipeline\\Pipeline->Illuminate\\Pipeline\\{closure}()
#49 /www/wwwroot/staging.lp3hdoabangsa.com/vendor/laravel/framework/src/Illuminate/Foundation/Http/Middleware/TrimStrings.php(40): Illuminate\\Foundation\\Http\\Middleware\\TransformsRequest->handle()
#50 /www/wwwroot/staging.lp3hdoabangsa.com/vendor/laravel/framework/src/Illuminate/Pipeline/Pipeline.php(167): Illuminate\\Foundation\\Http\\Middleware\\TrimStrings->handle()
#51 /www/wwwroot/staging.lp3hdoabangsa.com/vendor/laravel/framework/src/Illuminate/Foundation/Http/Middleware/ValidatePostSize.php(27): Illuminate\\Pipeline\\Pipeline->Illuminate\\Pipeline\\{closure}()
#52 /www/wwwroot/staging.lp3hdoabangsa.com/vendor/laravel/framework/src/Illuminate/Pipeline/Pipeline.php(167): Illuminate\\Foundation\\Http\\Middleware\\ValidatePostSize->handle()
#53 /www/wwwroot/staging.lp3hdoabangsa.com/vendor/laravel/framework/src/Illuminate/Foundation/Http/Middleware/PreventRequestsDuringMaintenance.php(86): Illuminate\\Pipeline\\Pipeline->Illuminate\\Pipeline\\{closure}()
#54 /www/wwwroot/staging.lp3hdoabangsa.com/vendor/laravel/framework/src/Illuminate/Pipeline/Pipeline.php(167): Illuminate\\Foundation\\Http\\Middleware\\PreventRequestsDuringMaintenance->handle()
#55 /www/wwwroot/staging.lp3hdoabangsa.com/vendor/fruitcake/laravel-cors/src/HandleCors.php(38): Illuminate\\Pipeline\\Pipeline->Illuminate\\Pipeline\\{closure}()
#56 /www/wwwroot/staging.lp3hdoabangsa.com/vendor/laravel/framework/src/Illuminate/Pipeline/Pipeline.php(167): Fruitcake\\Cors\\HandleCors->handle()
#57 /www/wwwroot/staging.lp3hdoabangsa.com/vendor/laravel/framework/src/Illuminate/Http/Middleware/TrustProxies.php(39): Illuminate\\Pipeline\\Pipeline->Illuminate\\Pipeline\\{closure}()
#58 /www/wwwroot/staging.lp3hdoabangsa.com/vendor/laravel/framework/src/Illuminate/Pipeline/Pipeline.php(167): Illuminate\\Http\\Middleware\\TrustProxies->handle()
#59 /www/wwwroot/staging.lp3hdoabangsa.com/vendor/laravel/framework/src/Illuminate/Pipeline/Pipeline.php(103): Illuminate\\Pipeline\\Pipeline->Illuminate\\Pipeline\\{closure}()
#60 /www/wwwroot/staging.lp3hdoabangsa.com/vendor/laravel/framework/src/Illuminate/Foundation/Http/Kernel.php(142): Illuminate\\Pipeline\\Pipeline->then()
#61 /www/wwwroot/staging.lp3hdoabangsa.com/vendor/laravel/framework/src/Illuminate/Foundation/Http/Kernel.php(111): Illuminate\\Foundation\\Http\\Kernel->sendRequestThroughRouter()
#62 /www/wwwroot/staging.lp3hdoabangsa.com/public/index.php(51): Illuminate\\Foundation\\Http\\Kernel->handle()
#63 {main}
"} 
[2025-12-25 07:19:35] local.ERROR: SQLSTATE[42S22]: Column not found: 1054 Unknown column 'products.deleted_at' in 'WHERE' (SQL: select count(*) as aggregate from `products` where `products`.`deleted_at` is null) {"userId":1,"exception":"[object] (Illuminate\\Database\\QueryException(code: 42S22): SQLSTATE[42S22]: Column not found: 1054 Unknown column 'products.deleted_at' in 'WHERE' (SQL: select count(*) as aggregate from `products` where `products`.`deleted_at` is null) at /www/wwwroot/staging.lp3hdoabangsa.com/vendor/laravel/framework/src/Illuminate/Database/Connection.php:712)
[stacktrace]
#0 /www/wwwroot/staging.lp3hdoabangsa.com/vendor/laravel/framework/src/Illuminate/Database/Connection.php(672): Illuminate\\Database\\Connection->runQueryCallback()
#1 /www/wwwroot/staging.lp3hdoabangsa.com/vendor/laravel/framework/src/Illuminate/Database/Connection.php(359): Illuminate\\Database\\Connection->run()
#2 /www/wwwroot/staging.lp3hdoabangsa.com/vendor/laravel/framework/src/Illuminate/Database/Query/Builder.php(2384): Illuminate\\Database\\Connection->select()
#3 /www/wwwroot/staging.lp3hdoabangsa.com/vendor/laravel/framework/src/Illuminate/Database/Query/Builder.php(2373): Illuminate\\Database\\Query\\Builder->runSelect()
#4 /www/wwwroot/staging.lp3hdoabangsa.com/vendor/laravel/framework/src/Illuminate/Database/Query/Builder.php(2907): Illuminate\\Database\\Query\\Builder->Illuminate\\Database\\Query\\{closure}()
#5 /www/wwwroot/staging.lp3hdoabangsa.com/vendor/laravel/framework/src/Illuminate/Database/Query/Builder.php(2372): Illuminate\\Database\\Query\\Builder->onceWithColumns()
#6 /www/wwwroot/staging.lp3hdoabangsa.com/vendor/laravel/framework/src/Illuminate/Database/Query/Builder.php(2834): Illuminate\\Database\\Query\\Builder->get()
#7 /www/wwwroot/staging.lp3hdoabangsa.com/vendor/laravel/framework/src/Illuminate/Database/Query/Builder.php(2762): Illuminate\\Database\\Query\\Builder->aggregate()
#8 /www/wwwroot/staging.lp3hdoabangsa.com/vendor/laravel/framework/src/Illuminate/Database/Eloquent/Builder.php(1657): Illuminate\\Database\\Query\\Builder->count()
#9 /www/wwwroot/staging.lp3hdoabangsa.com/vendor/laravel/framework/src/Illuminate/Support/Traits/ForwardsCalls.php(23): Illuminate\\Database\\Eloquent\\Builder->__call()
#10 /www/wwwroot/staging.lp3hdoabangsa.com/vendor/laravel/framework/src/Illuminate/Database/Eloquent/Model.php(2132): Illuminate\\Database\\Eloquent\\Model->forwardCallTo()
#11 /www/wwwroot/staging.lp3hdoabangsa.com/vendor/laravel/framework/src/Illuminate/Database/Eloquent/Model.php(2144): Illuminate\\Database\\Eloquent\\Model->__call()
#12 /www/wwwroot/staging.lp3hdoabangsa.com/app/Http/Controllers/Admin/DashboardController.php(27): Illuminate\\Database\\Eloquent\\Model::__callStatic()
#13 /www/wwwroot/staging.lp3hdoabangsa.com/vendor/laravel/framework/src/Illuminate/Routing/Controller.php(54): App\\Http\\Controllers\\Admin\\DashboardController->index()
#14 /www/wwwroot/staging.lp3hdoabangsa.com/vendor/laravel/framework/src/Illuminate/Routing/ControllerDispatcher.php(45): Illuminate\\Routing\\Controller->callAction()
#15 /www/wwwroot/staging.lp3hdoabangsa.com/vendor/laravel/framework/src/Illuminate/Routing/Route.php(261): Illuminate\\Routing\\ControllerDispatcher->dispatch()
#16 /www/wwwroot/staging.lp3hdoabangsa.com/vendor/laravel/framework/src/Illuminate/Routing/Route.php(205): Illuminate\\Routing\\Route->runController()
#17 /www/wwwroot/staging.lp3hdoabangsa.com/vendor/laravel/framework/src/Illuminate/Routing/Router.php(721): Illuminate\\Routing\\Route->run()
#18 /www/wwwroot/staging.lp3hdoabangsa.com/vendor/laravel/framework/src/Illuminate/Pipeline/Pipeline.php(128): Illuminate\\Routing\\Router->Illuminate\\Routing\\{closure}()
#19 /www/wwwroot/staging.lp3hdoabangsa.com/app/Http/Middleware/CheckRole.php(32): Illuminate\\Pipeline\\Pipeline->Illuminate\\Pipeline\\{closure}()
#20 /www/wwwroot/staging.lp3hdoabangsa.com/vendor/laravel/framework/src/Illuminate/Pipeline/Pipeline.php(167): App\\Http\\Middleware\\CheckRole->handle()
#21 /www/wwwroot/staging.lp3hdoabangsa.com/vendor/laravel/framework/src/Illuminate/Routing/Middleware/SubstituteBindings.php(50): Illuminate\\Pipeline\\Pipeline->Illuminate\\Pipeline\\{closure}()
#22 /www/wwwroot/staging.lp3hdoabangsa.com/vendor/laravel/framework/src/Illuminate/Pipeline/Pipeline.php(167): Illuminate\\Routing\\Middleware\\SubstituteBindings->handle()
#23 /www/wwwroot/staging.lp3hdoabangsa.com/vendor/laravel/framework/src/Illuminate/Auth/Middleware/Authenticate.php(44): Illuminate\\Pipeline\\Pipeline->Illuminate\\Pipeline\\{closure}()
#24 /www/wwwroot/staging.lp3hdoabangsa.com/vendor/laravel/framework/src/Illuminate/Pipeline/Pipeline.php(167): Illuminate\\Auth\\Middleware\\Authenticate->handle()
#25 /www/wwwroot/staging.lp3hdoabangsa.com/vendor/laravel/framework/src/Illuminate/Foundation/Http/Middleware/VerifyCsrfToken.php(78): Illuminate\\Pipeline\\Pipeline->Illuminate\\Pipeline\\{closure}()
#26 /www/wwwroot/staging.lp3hdoabangsa.com/vendor/laravel/framework/src/Illuminate/Pipeline/Pipeline.php(167): Illuminate\\Foundation\\Http\\Middleware\\VerifyCsrfToken->handle()
#27 /www/wwwroot/staging.lp3hdoabangsa.com/vendor/laravel/framework/src/Illuminate/View/Middleware/ShareErrorsFromSession.php(49): Illuminate\\Pipeline\\Pipeline->Illuminate\\Pipeline\\{closure}()
#28 /www/wwwroot/staging.lp3hdoabangsa.com/vendor/laravel/framework/src/Illuminate/Pipeline/Pipeline.php(167): Illuminate\\View\\Middleware\\ShareErrorsFromSession->handle()
#29 /www/wwwroot/staging.lp3hdoabangsa.com/vendor/laravel/framework/src/Illuminate/Session/Middleware/StartSession.php(121): Illuminate\\Pipeline\\Pipeline->Illuminate\\Pipeline\\{closure}()
#30 /www/wwwroot/staging.lp3hdoabangsa.com/vendor/laravel/framework/src/Illuminate/Session/Middleware/StartSession.php(64): Illuminate\\Session\\Middleware\\StartSession->handleStatefulRequest()
#31 /www/wwwroot/staging.lp3hdoabangsa.com/vendor/laravel/framework/src/Illuminate/Pipeline/Pipeline.php(167): Illuminate\\Session\\Middleware\\StartSession->handle()
#32 /www/wwwroot/staging.lp3hdoabangsa.com/vendor/laravel/framework/src/Illuminate/Cookie/Middleware/AddQueuedCookiesToResponse.php(37): Illuminate\\Pipeline\\Pipeline->Illuminate\\Pipeline\\{closure}()
#33 /www/wwwroot/staging.lp3hdoabangsa.com/vendor/laravel/framework/src/Illuminate/Pipeline/Pipeline.php(167): Illuminate\\Cookie\\Middleware\\AddQueuedCookiesToResponse->handle()
#34 /www/wwwroot/staging.lp3hdoabangsa.com/vendor/laravel/framework/src/Illuminate/Cookie/Middleware/EncryptCookies.php(67): Illuminate\\Pipeline\\Pipeline->Illuminate\\Pipeline\\{closure}()
#35 /www/wwwroot/staging.lp3hdoabangsa.com/vendor/laravel/framework/src/Illuminate/Pipeline/Pipeline.php(167): Illuminate\\Cookie\\Middleware\\EncryptCookies->handle()
#36 /www/wwwroot/staging.lp3hdoabangsa.com/vendor/laravel/framework/src/Illuminate/Pipeline/Pipeline.php(103): Illuminate\\Pipeline\\Pipeline->Illuminate\\Pipeline\\{closure}()
#37 /www/wwwroot/staging.lp3hdoabangsa.com/vendor/laravel/framework/src/Illuminate/Routing/Router.php(719): Illuminate\\Pipeline\\Pipeline->then()
#38 /www/wwwroot/staging.lp3hdoabangsa.com/vendor/laravel/framework/src/Illuminate/Routing/Router.php(698): Illuminate\\Routing\\Router->runRouteWithinStack()
#39 /www/wwwroot/staging.lp3hdoabangsa.com/vendor/laravel/framework/src/Illuminate/Routing/Router.php(662): Illuminate\\Routing\\Router->runRoute()
#40 /www/wwwroot/staging.lp3hdoabangsa.com/vendor/laravel/framework/src/Illuminate/Routing/Router.php(651): Illuminate\\Routing\\Router->dispatchToRoute()
#41 /www/wwwroot/staging.lp3hdoabangsa.com/vendor/laravel/framework/src/Illuminate/Foundation/Http/Kernel.php(167): Illuminate\\Routing\\Router->dispatch()
#42 /www/wwwroot/staging.lp3hdoabangsa.com/vendor/laravel/framework/src/Illuminate/Pipeline/Pipeline.php(128): Illuminate\\Foundation\\Http\\Kernel->Illuminate\\Foundation\\Http\\{closure}()
#43 /www/wwwroot/staging.lp3hdoabangsa.com/vendor/laravel/framework/src/Illuminate/Foundation/Http/Middleware/TransformsRequest.php(21): Illuminate\\Pipeline\\Pipeline->Illuminate\\Pipeline\\{closure}()
#44 /www/wwwroot/staging.lp3hdoabangsa.com/vendor/laravel/framework/src/Illuminate/Foundation/Http/Middleware/ConvertEmptyStringsToNull.php(31): Illuminate\\Foundation\\Http\\Middleware\\TransformsRequest->handle()
#45 /www/wwwroot/staging.lp3hdoabangsa.com/vendor/laravel/framework/src/Illuminate/Pipeline/Pipeline.php(167): Illuminate\\Foundation\\Http\\Middleware\\ConvertEmptyStringsToNull->handle()
#46 /www/wwwroot/staging.lp3hdoabangsa.com/vendor/laravel/framework/src/Illuminate/Foundation/Http/Middleware/TransformsRequest.php(21): Illuminate\\Pipeline\\Pipeline->Illuminate\\Pipeline\\{closure}()
#47 /www/wwwroot/staging.lp3hdoabangsa.com/vendor/laravel/framework/src/Illuminate/Foundation/Http/Middleware/TrimStrings.php(40): Illuminate\\Foundation\\Http\\Middleware\\TransformsRequest->handle()
#48 /www/wwwroot/staging.lp3hdoabangsa.com/vendor/laravel/framework/src/Illuminate/Pipeline/Pipeline.php(167): Illuminate\\Foundation\\Http\\Middleware\\TrimStrings->handle()
#49 /www/wwwroot/staging.lp3hdoabangsa.com/vendor/laravel/framework/src/Illuminate/Foundation/Http/Middleware/ValidatePostSize.php(27): Illuminate\\Pipeline\\Pipeline->Illuminate\\Pipeline\\{closure}()
#50 /www/wwwroot/staging.lp3hdoabangsa.com/vendor/laravel/framework/src/Illuminate/Pipeline/Pipeline.php(167): Illuminate\\Foundation\\Http\\Middleware\\ValidatePostSize->handle()
#51 /www/wwwroot/staging.lp3hdoabangsa.com/vendor/laravel/framework/src/Illuminate/Foundation/Http/Middleware/PreventRequestsDuringMaintenance.php(86): Illuminate\\Pipeline\\Pipeline->Illuminate\\Pipeline\\{closure}()
#52 /www/wwwroot/staging.lp3hdoabangsa.com/vendor/laravel/framework/src/Illuminate/Pipeline/Pipeline.php(167): Illuminate\\Foundation\\Http\\Middleware\\PreventRequestsDuringMaintenance->handle()
#53 /www/wwwroot/staging.lp3hdoabangsa.com/vendor/fruitcake/laravel-cors/src/HandleCors.php(38): Illuminate\\Pipeline\\Pipeline->Illuminate\\Pipeline\\{closure}()
#54 /www/wwwroot/staging.lp3hdoabangsa.com/vendor/laravel/framework/src/Illuminate/Pipeline/Pipeline.php(167): Fruitcake\\Cors\\HandleCors->handle()
#55 /www/wwwroot/staging.lp3hdoabangsa.com/vendor/laravel/framework/src/Illuminate/Http/Middleware/TrustProxies.php(39): Illuminate\\Pipeline\\Pipeline->Illuminate\\Pipeline\\{closure}()
#56 /www/wwwroot/staging.lp3hdoabangsa.com/vendor/laravel/framework/src/Illuminate/Pipeline/Pipeline.php(167): Illuminate\\Http\\Middleware\\TrustProxies->handle()
#57 /www/wwwroot/staging.lp3hdoabangsa.com/vendor/laravel/framework/src/Illuminate/Pipeline/Pipeline.php(103): Illuminate\\Pipeline\\Pipeline->Illuminate\\Pipeline\\{closure}()
#58 /www/wwwroot/staging.lp3hdoabangsa.com/vendor/laravel/framework/src/Illuminate/Foundation/Http/Kernel.php(142): Illuminate\\Pipeline\\Pipeline->then()
#59 /www/wwwroot/staging.lp3hdoabangsa.com/vendor/laravel/framework/src/Illuminate/Foundation/Http/Kernel.php(111): Illuminate\\Foundation\\Http\\Kernel->sendRequestThroughRouter()
#60 /www/wwwroot/staging.lp3hdoabangsa.com/public/index.php(51): Illuminate\\Foundation\\Http\\Kernel->handle()
#61 {main}

[previous exception] [object] (PDOException(code: 42S22): SQLSTATE[42S22]: Column not found: 1054 Unknown column 'products.deleted_at' in 'WHERE' at /www/wwwroot/staging.lp3hdoabangsa.com/vendor/laravel/framework/src/Illuminate/Database/Connection.php:368)
[stacktrace]
#0 /www/wwwroot/staging.lp3hdoabangsa.com/vendor/laravel/framework/src/Illuminate/Database/Connection.php(368): PDO->prepare()
#1 /www/wwwroot/staging.lp3hdoabangsa.com/vendor/laravel/framework/src/Illuminate/Database/Connection.php(705): Illuminate\\Database\\Connection->Illuminate\\Database\\{closure}()
#2 /www/wwwroot/staging.lp3hdoabangsa.com/vendor/laravel/framework/src/Illuminate/Database/Connection.php(672): Illuminate\\Database\\Connection->runQueryCallback()
#3 /www/wwwroot/staging.lp3hdoabangsa.com/vendor/laravel/framework/src/Illuminate/Database/Connection.php(359): Illuminate\\Database\\Connection->run()
#4 /www/wwwroot/staging.lp3hdoabangsa.com/vendor/laravel/framework/src/Illuminate/Database/Query/Builder.php(2384): Illuminate\\Database\\Connection->select()
#5 /www/wwwroot/staging.lp3hdoabangsa.com/vendor/laravel/framework/src/Illuminate/Database/Query/Builder.php(2373): Illuminate\\Database\\Query\\Builder->runSelect()
#6 /www/wwwroot/staging.lp3hdoabangsa.com/vendor/laravel/framework/src/Illuminate/Database/Query/Builder.php(2907): Illuminate\\Database\\Query\\Builder->Illuminate\\Database\\Query\\{closure}()
#7 /www/wwwroot/staging.lp3hdoabangsa.com/vendor/laravel/framework/src/Illuminate/Database/Query/Builder.php(2372): Illuminate\\Database\\Query\\Builder->onceWithColumns()
#8 /www/wwwroot/staging.lp3hdoabangsa.com/vendor/laravel/framework/src/Illuminate/Database/Query/Builder.php(2834): Illuminate\\Database\\Query\\Builder->get()
#9 /www/wwwroot/staging.lp3hdoabangsa.com/vendor/laravel/framework/src/Illuminate/Database/Query/Builder.php(2762): Illuminate\\Database\\Query\\Builder->aggregate()
#10 /www/wwwroot/staging.lp3hdoabangsa.com/vendor/laravel/framework/src/Illuminate/Database/Eloquent/Builder.php(1657): Illuminate\\Database\\Query\\Builder->count()
#11 /www/wwwroot/staging.lp3hdoabangsa.com/vendor/laravel/framework/src/Illuminate/Support/Traits/ForwardsCalls.php(23): Illuminate\\Database\\Eloquent\\Builder->__call()
#12 /www/wwwroot/staging.lp3hdoabangsa.com/vendor/laravel/framework/src/Illuminate/Database/Eloquent/Model.php(2132): Illuminate\\Database\\Eloquent\\Model->forwardCallTo()
#13 /www/wwwroot/staging.lp3hdoabangsa.com/vendor/laravel/framework/src/Illuminate/Database/Eloquent/Model.php(2144): Illuminate\\Database\\Eloquent\\Model->__call()
#14 /www/wwwroot/staging.lp3hdoabangsa.com/app/Http/Controllers/Admin/DashboardController.php(27): Illuminate\\Database\\Eloquent\\Model::__callStatic()
#15 /www/wwwroot/staging.lp3hdoabangsa.com/vendor/laravel/framework/src/Illuminate/Routing/Controller.php(54): App\\Http\\Controllers\\Admin\\DashboardController->index()
#16 /www/wwwroot/staging.lp3hdoabangsa.com/vendor/laravel/framework/src/Illuminate/Routing/ControllerDispatcher.php(45): Illuminate\\Routing\\Controller->callAction()
#17 /www/wwwroot/staging.lp3hdoabangsa.com/vendor/laravel/framework/src/Illuminate/Routing/Route.php(261): Illuminate\\Routing\\ControllerDispatcher->dispatch()
#18 /www/wwwroot/staging.lp3hdoabangsa.com/vendor/laravel/framework/src/Illuminate/Routing/Route.php(205): Illuminate\\Routing\\Route->runController()
#19 /www/wwwroot/staging.lp3hdoabangsa.com/vendor/laravel/framework/src/Illuminate/Routing/Router.php(721): Illuminate\\Routing\\Route->run()
#20 /www/wwwroot/staging.lp3hdoabangsa.com/vendor/laravel/framework/src/Illuminate/Pipeline/Pipeline.php(128): Illuminate\\Routing\\Router->Illuminate\\Routing\\{closure}()
#21 /www/wwwroot/staging.lp3hdoabangsa.com/app/Http/Middleware/CheckRole.php(32): Illuminate\\Pipeline\\Pipeline->Illuminate\\Pipeline\\{closure}()
#22 /www/wwwroot/staging.lp3hdoabangsa.com/vendor/laravel/framework/src/Illuminate/Pipeline/Pipeline.php(167): App\\Http\\Middleware\\CheckRole->handle()
#23 /www/wwwroot/staging.lp3hdoabangsa.com/vendor/laravel/framework/src/Illuminate/Routing/Middleware/SubstituteBindings.php(50): Illuminate\\Pipeline\\Pipeline->Illuminate\\Pipeline\\{closure}()
#24 /www/wwwroot/staging.lp3hdoabangsa.com/vendor/laravel/framework/src/Illuminate/Pipeline/Pipeline.php(167): Illuminate\\Routing\\Middleware\\SubstituteBindings->handle()
#25 /www/wwwroot/staging.lp3hdoabangsa.com/vendor/laravel/framework/src/Illuminate/Auth/Middleware/Authenticate.php(44): Illuminate\\Pipeline\\Pipeline->Illuminate\\Pipeline\\{closure}()
#26 /www/wwwroot/staging.lp3hdoabangsa.com/vendor/laravel/framework/src/Illuminate/Pipeline/Pipeline.php(167): Illuminate\\Auth\\Middleware\\Authenticate->handle()
#27 /www/wwwroot/staging.lp3hdoabangsa.com/vendor/laravel/framework/src/Illuminate/Foundation/Http/Middleware/VerifyCsrfToken.php(78): Illuminate\\Pipeline\\Pipeline->Illuminate\\Pipeline\\{closure}()
#28 /www/wwwroot/staging.lp3hdoabangsa.com/vendor/laravel/framework/src/Illuminate/Pipeline/Pipeline.php(167): Illuminate\\Foundation\\Http\\Middleware\\VerifyCsrfToken->handle()
#29 /www/wwwroot/staging.lp3hdoabangsa.com/vendor/laravel/framework/src/Illuminate/View/Middleware/ShareErrorsFromSession.php(49): Illuminate\\Pipeline\\Pipeline->Illuminate\\Pipeline\\{closure}()
#30 /www/wwwroot/staging.lp3hdoabangsa.com/vendor/laravel/framework/src/Illuminate/Pipeline/Pipeline.php(167): Illuminate\\View\\Middleware\\ShareErrorsFromSession->handle()
#31 /www/wwwroot/staging.lp3hdoabangsa.com/vendor/laravel/framework/src/Illuminate/Session/Middleware/StartSession.php(121): Illuminate\\Pipeline\\Pipeline->Illuminate\\Pipeline\\{closure}()
#32 /www/wwwroot/staging.lp3hdoabangsa.com/vendor/laravel/framework/src/Illuminate/Session/Middleware/StartSession.php(64): Illuminate\\Session\\Middleware\\StartSession->handleStatefulRequest()
#33 /www/wwwroot/staging.lp3hdoabangsa.com/vendor/laravel/framework/src/Illuminate/Pipeline/Pipeline.php(167): Illuminate\\Session\\Middleware\\StartSession->handle()
#34 /www/wwwroot/staging.lp3hdoabangsa.com/vendor/laravel/framework/src/Illuminate/Cookie/Middleware/AddQueuedCookiesToResponse.php(37): Illuminate\\Pipeline\\Pipeline->Illuminate\\Pipeline\\{closure}()
#35 /www/wwwroot/staging.lp3hdoabangsa.com/vendor/laravel/framework/src/Illuminate/Pipeline/Pipeline.php(167): Illuminate\\Cookie\\Middleware\\AddQueuedCookiesToResponse->handle()
#36 /www/wwwroot/staging.lp3hdoabangsa.com/vendor/laravel/framework/src/Illuminate/Cookie/Middleware/EncryptCookies.php(67): Illuminate\\Pipeline\\Pipeline->Illuminate\\Pipeline\\{closure}()
#37 /www/wwwroot/staging.lp3hdoabangsa.com/vendor/laravel/framework/src/Illuminate/Pipeline/Pipeline.php(167): Illuminate\\Cookie\\Middleware\\EncryptCookies->handle()
#38 /www/wwwroot/staging.lp3hdoabangsa.com/vendor/laravel/framework/src/Illuminate/Pipeline/Pipeline.php(103): Illuminate\\Pipeline\\Pipeline->Illuminate\\Pipeline\\{closure}()
#39 /www/wwwroot/staging.lp3hdoabangsa.com/vendor/laravel/framework/src/Illuminate/Routing/Router.php(719): Illuminate\\Pipeline\\Pipeline->then()
#40 /www/wwwroot/staging.lp3hdoabangsa.com/vendor/laravel/framework/src/Illuminate/Routing/Router.php(698): Illuminate\\Routing\\Router->runRouteWithinStack()
#41 /www/wwwroot/staging.lp3hdoabangsa.com/vendor/laravel/framework/src/Illuminate/Routing/Router.php(662): Illuminate\\Routing\\Router->runRoute()
#42 /www/wwwroot/staging.lp3hdoabangsa.com/vendor/laravel/framework/src/Illuminate/Routing/Router.php(651): Illuminate\\Routing\\Router->dispatchToRoute()
#43 /www/wwwroot/staging.lp3hdoabangsa.com/vendor/laravel/framework/src/Illuminate/Foundation/Http/Kernel.php(167): Illuminate\\Routing\\Router->dispatch()
#44 /www/wwwroot/staging.lp3hdoabangsa.com/vendor/laravel/framework/src/Illuminate/Pipeline/Pipeline.php(128): Illuminate\\Foundation\\Http\\Kernel->Illuminate\\Foundation\\Http\\{closure}()
#45 /www/wwwroot/staging.lp3hdoabangsa.com/vendor/laravel/framework/src/Illuminate/Foundation/Http/Middleware/TransformsRequest.php(21): Illuminate\\Pipeline\\Pipeline->Illuminate\\Pipeline\\{closure}()
#46 /www/wwwroot/staging.lp3hdoabangsa.com/vendor/laravel/framework/src/Illuminate/Foundation/Http/Middleware/ConvertEmptyStringsToNull.php(31): Illuminate\\Foundation\\Http\\Middleware\\TransformsRequest->handle()
#47 /www/wwwroot/staging.lp3hdoabangsa.com/vendor/laravel/framework/src/Illuminate/Pipeline/Pipeline.php(167): Illuminate\\Foundation\\Http\\Middleware\\ConvertEmptyStringsToNull->handle()
#48 /www/wwwroot/staging.lp3hdoabangsa.com/vendor/laravel/framework/src/Illuminate/Foundation/Http/Middleware/TransformsRequest.php(21): Illuminate\\Pipeline\\Pipeline->Illuminate\\Pipeline\\{closure}()
#49 /www/wwwroot/staging.lp3hdoabangsa.com/vendor/laravel/framework/src/Illuminate/Foundation/Http/Middleware/TrimStrings.php(40): Illuminate\\Foundation\\Http\\Middleware\\TransformsRequest->handle()
#50 /www/wwwroot/staging.lp3hdoabangsa.com/vendor/laravel/framework/src/Illuminate/Pipeline/Pipeline.php(167): Illuminate\\Foundation\\Http\\Middleware\\TrimStrings->handle()
#51 /www/wwwroot/staging.lp3hdoabangsa.com/vendor/laravel/framework/src/Illuminate/Foundation/Http/Middleware/ValidatePostSize.php(27): Illuminate\\Pipeline\\Pipeline->Illuminate\\Pipeline\\{closure}()
#52 /www/wwwroot/staging.lp3hdoabangsa.com/vendor/laravel/framework/src/Illuminate/Pipeline/Pipeline.php(167): Illuminate\\Foundation\\Http\\Middleware\\ValidatePostSize->handle()
#53 /www/wwwroot/staging.lp3hdoabangsa.com/vendor/laravel/framework/src/Illuminate/Foundation/Http/Middleware/PreventRequestsDuringMaintenance.php(86): Illuminate\\Pipeline\\Pipeline->Illuminate\\Pipeline\\{closure}()
#54 /www/wwwroot/staging.lp3hdoabangsa.com/vendor/laravel/framework/src/Illuminate/Pipeline/Pipeline.php(167): Illuminate\\Foundation\\Http\\Middleware\\PreventRequestsDuringMaintenance->handle()
#55 /www/wwwroot/staging.lp3hdoabangsa.com/vendor/fruitcake/laravel-cors/src/HandleCors.php(38): Illuminate\\Pipeline\\Pipeline->Illuminate\\Pipeline\\{closure}()
#56 /www/wwwroot/staging.lp3hdoabangsa.com/vendor/laravel/framework/src/Illuminate/Pipeline/Pipeline.php(167): Fruitcake\\Cors\\HandleCors->handle()
#57 /www/wwwroot/staging.lp3hdoabangsa.com/vendor/laravel/framework/src/Illuminate/Http/Middleware/TrustProxies.php(39): Illuminate\\Pipeline\\Pipeline->Illuminate\\Pipeline\\{closure}()
#58 /www/wwwroot/staging.lp3hdoabangsa.com/vendor/laravel/framework/src/Illuminate/Pipeline/Pipeline.php(167): Illuminate\\Http\\Middleware\\TrustProxies->handle()
#59 /www/wwwroot/staging.lp3hdoabangsa.com/vendor/laravel/framework/src/Illuminate/Pipeline/Pipeline.php(103): Illuminate\\Pipeline\\Pipeline->Illuminate\\Pipeline\\{closure}()
#60 /www/wwwroot/staging.lp3hdoabangsa.com/vendor/laravel/framework/src/Illuminate/Foundation/Http/Kernel.php(142): Illuminate\\Pipeline\\Pipeline->then()
#61 /www/wwwroot/staging.lp3hdoabangsa.com/vendor/laravel/framework/src/Illuminate/Foundation/Http/Kernel.php(111): Illuminate\\Foundation\\Http\\Kernel->sendRequestThroughRouter()
#62 /www/wwwroot/staging.lp3hdoabangsa.com/public/index.php(51): Illuminate\\Foundation\\Http\\Kernel->handle()
#63 {main}
"} 
